2025-07-11 23:32:31,266 - INFO - Connecting to 149.154.167.51:443/TcpFull...
2025-07-11 23:32:33,407 - INFO - Connection to 149.154.167.51:443/TcpFull complete!
2025-07-11 23:32:53,658 - INFO - Phone migrated to 4
2025-07-11 23:32:53,767 - INFO - Reconnecting to new data center 4
2025-07-11 23:32:53,909 - INFO - Disconnecting from 149.154.167.51:443/TcpFull...
2025-07-11 23:32:53,913 - INFO - Disconnection from 149.154.167.51:443/TcpFull complete!
2025-07-11 23:32:53,915 - INFO - Connecting to 149.154.167.91:443/TcpFull...
2025-07-11 23:32:55,550 - INFO - Connection to 149.154.167.91:443/TcpFull complete!
2025-07-11 23:33:51,834 - INFO - Scraped 0 text messages from https://t.me/CheMed123
2025-07-11 23:33:52,812 - INFO - Scraped 0 text messages from https://t.me/lobelia4cosmetics
2025-07-11 23:37:11,736 - INFO - Connecting to 149.154.167.91:443/TcpFull...
2025-07-11 23:37:11,850 - INFO - Connection to 149.154.167.91:443/TcpFull complete!
2025-07-11 23:37:13,331 - INFO - Scraped 0 text messages from https://t.me/CheMed123
2025-07-11 23:37:13,782 - INFO - Scraped 0 text messages from https://t.me/lobelia4cosmetics
2025-07-11 23:37:14,692 - INFO - Scraped 58 text messages from https://t.me/tikvahpharma
2025-07-11 23:37:14,693 - INFO - Disconnecting from 149.154.167.91:443/TcpFull...
2025-07-11 23:37:14,694 - INFO - Disconnection from 149.154.167.91:443/TcpFull complete!
2025-07-11 23:37:30,926 - INFO - Connecting to 149.154.167.91:443/TcpFull...
2025-07-11 23:37:31,149 - INFO - Connection to 149.154.167.91:443/TcpFull complete!
2025-07-11 23:37:32,237 - INFO - Scraped 0 text messages from https://t.me/CheMed123
2025-07-11 23:37:32,813 - INFO - Scraped 0 text messages from https://t.me/lobelia4cosmetics
2025-07-11 23:37:33,631 - INFO - Scraped 58 text messages from https://t.me/tikvahpharma
2025-07-11 23:37:33,633 - INFO - Disconnecting from 149.154.167.91:443/TcpFull...
2025-07-11 23:37:33,635 - INFO - Disconnection from 149.154.167.91:443/TcpFull complete!
2025-07-11 23:46:56,420 - INFO - Connecting to 149.154.167.91:443/TcpFull...
2025-07-11 23:46:56,526 - INFO - Connection to 149.154.167.91:443/TcpFull complete!
2025-07-11 23:46:57,985 - INFO - Scraped 76 messages (including media metadata) from https://t.me/CheMed123
2025-07-11 23:46:58,494 - INFO - Scraped 100 messages (including media metadata) from https://t.me/lobelia4cosmetics
2025-07-11 23:46:59,320 - INFO - Scraped 100 messages (including media metadata) from https://t.me/tikvahpharma
2025-07-11 23:46:59,322 - INFO - Disconnecting from 149.154.167.91:443/TcpFull...
2025-07-11 23:46:59,323 - INFO - Disconnection from 149.154.167.91:443/TcpFull complete!
2025-07-11 23:49:08,083 - INFO - Connecting to 149.154.167.91:443/TcpFull...
2025-07-11 23:49:08,189 - INFO - Connection to 149.154.167.91:443/TcpFull complete!
2025-07-11 23:50:49,328 - INFO - Connecting to 149.154.167.91:443/TcpFull...
2025-07-11 23:50:49,429 - INFO - Connection to 149.154.167.91:443/TcpFull complete!
2025-07-11 23:50:50,697 - INFO - Scraped 76 messages (including media metadata) from https://t.me/CheMed123
2025-07-11 23:50:51,095 - INFO - Scraped 100 messages (including media metadata) from https://t.me/lobelia4cosmetics
2025-07-11 23:50:51,795 - INFO - Scraped 100 messages (including media metadata) from https://t.me/tikvahpharma
2025-07-11 23:50:51,797 - INFO - Disconnecting from 149.154.167.91:443/TcpFull...
2025-07-11 23:50:51,798 - INFO - Disconnection from 149.154.167.91:443/TcpFull complete!
2025-07-11 23:50:55,610 - INFO - Connecting to 149.154.167.91:443/TcpFull...
2025-07-11 23:50:55,725 - INFO - Connection to 149.154.167.91:443/TcpFull complete!
2025-07-11 23:50:55,986 - INFO - User is already connected!
2025-07-11 23:50:56,723 - INFO - Starting direct file download in chunks of 131072 at 0, stride 131072
2025-07-11 23:50:57,919 - INFO - Starting direct file download in chunks of 131072 at 0, stride 131072
2025-07-11 23:51:00,367 - INFO - Starting direct file download in chunks of 131072 at 0, stride 131072
2025-07-11 23:51:01,730 - INFO - Starting direct file download in chunks of 131072 at 0, stride 131072
2025-07-11 23:51:03,019 - INFO - Starting direct file download in chunks of 131072 at 0, stride 131072
2025-07-11 23:51:05,185 - INFO - Starting direct file download in chunks of 131072 at 0, stride 131072
2025-07-11 23:51:06,829 - INFO - Starting direct file download in chunks of 131072 at 0, stride 131072
2025-07-11 23:51:07,730 - INFO - Starting direct file download in chunks of 131072 at 0, stride 131072
2025-07-11 23:51:09,792 - INFO - Starting direct file download in chunks of 131072 at 0, stride 131072
2025-07-11 23:51:11,487 - INFO - Starting direct file download in chunks of 131072 at 0, stride 131072
2025-07-11 23:51:13,450 - INFO - Starting direct file download in chunks of 131072 at 0, stride 131072
2025-07-11 23:51:14,914 - INFO - Starting direct file download in chunks of 131072 at 0, stride 131072
2025-07-11 23:51:15,704 - INFO - Starting direct file download in chunks of 131072 at 0, stride 131072
2025-07-11 23:51:16,765 - INFO - Starting direct file download in chunks of 131072 at 0, stride 131072
2025-07-11 23:51:18,512 - INFO - Starting direct file download in chunks of 131072 at 0, stride 131072
2025-07-11 23:51:20,294 - INFO - Starting direct file download in chunks of 131072 at 0, stride 131072
2025-07-11 23:51:22,945 - INFO - Starting direct file download in chunks of 131072 at 0, stride 131072
2025-07-11 23:51:25,097 - INFO - Starting direct file download in chunks of 131072 at 0, stride 131072
2025-07-11 23:51:26,837 - INFO - Starting direct file download in chunks of 131072 at 0, stride 131072
2025-07-11 23:51:28,130 - INFO - Starting direct file download in chunks of 131072 at 0, stride 131072
2025-07-11 23:51:29,963 - INFO - Starting direct file download in chunks of 131072 at 0, stride 131072
2025-07-11 23:51:30,942 - INFO - Starting direct file download in chunks of 131072 at 0, stride 131072
2025-07-11 23:51:32,219 - INFO - Starting direct file download in chunks of 131072 at 0, stride 131072
2025-07-11 23:51:34,896 - INFO - Starting direct file download in chunks of 131072 at 0, stride 131072
2025-07-11 23:51:37,364 - INFO - Starting direct file download in chunks of 131072 at 0, stride 131072
2025-07-11 23:51:39,131 - INFO - Starting direct file download in chunks of 131072 at 0, stride 131072
2025-07-11 23:51:40,346 - INFO - Starting direct file download in chunks of 131072 at 0, stride 131072
2025-07-11 23:51:41,839 - INFO - Starting direct file download in chunks of 131072 at 0, stride 131072
2025-07-11 23:51:42,714 - INFO - Starting direct file download in chunks of 131072 at 0, stride 131072
2025-07-11 23:51:45,564 - INFO - Starting direct file download in chunks of 131072 at 0, stride 131072
2025-07-11 23:51:47,455 - INFO - Starting direct file download in chunks of 131072 at 0, stride 131072
2025-07-11 23:51:48,856 - INFO - Starting direct file download in chunks of 131072 at 0, stride 131072
2025-07-11 23:51:50,162 - INFO - Starting direct file download in chunks of 131072 at 0, stride 131072
2025-07-11 23:51:51,102 - INFO - Starting direct file download in chunks of 131072 at 0, stride 131072
2025-07-11 23:51:52,004 - INFO - Starting direct file download in chunks of 131072 at 0, stride 131072
2025-07-11 23:51:54,271 - INFO - Starting direct file download in chunks of 131072 at 0, stride 131072
2025-07-11 23:51:55,796 - INFO - Starting direct file download in chunks of 131072 at 0, stride 131072
2025-07-11 23:51:57,361 - INFO - Starting direct file download in chunks of 131072 at 0, stride 131072
2025-07-11 23:51:58,423 - INFO - Starting direct file download in chunks of 131072 at 0, stride 131072
2025-07-11 23:52:00,071 - INFO - Starting direct file download in chunks of 131072 at 0, stride 131072
2025-07-11 23:52:01,759 - INFO - Starting direct file download in chunks of 131072 at 0, stride 131072
2025-07-11 23:52:03,484 - INFO - Starting direct file download in chunks of 131072 at 0, stride 131072
2025-07-11 23:52:05,021 - INFO - Starting direct file download in chunks of 131072 at 0, stride 131072
2025-07-11 23:52:06,185 - INFO - Starting direct file download in chunks of 131072 at 0, stride 131072
2025-07-11 23:52:07,106 - INFO - Starting direct file download in chunks of 131072 at 0, stride 131072
2025-07-11 23:52:09,871 - INFO - Starting direct file download in chunks of 131072 at 0, stride 131072
2025-07-11 23:52:12,534 - INFO - Starting direct file download in chunks of 131072 at 0, stride 131072
2025-07-11 23:52:13,879 - INFO - Starting direct file download in chunks of 131072 at 0, stride 131072
2025-07-11 23:52:14,571 - INFO - Starting direct file download in chunks of 131072 at 0, stride 131072
2025-07-11 23:52:15,836 - INFO - Starting direct file download in chunks of 131072 at 0, stride 131072
2025-07-11 23:52:16,506 - INFO - Starting direct file download in chunks of 131072 at 0, stride 131072
2025-07-11 23:52:18,433 - INFO - Starting direct file download in chunks of 131072 at 0, stride 131072
2025-07-11 23:52:19,481 - INFO - Starting direct file download in chunks of 131072 at 0, stride 131072
2025-07-11 23:52:20,400 - INFO - Starting direct file download in chunks of 131072 at 0, stride 131072
2025-07-11 23:52:21,079 - INFO - Starting direct file download in chunks of 131072 at 0, stride 131072
2025-07-11 23:52:22,128 - INFO - Starting direct file download in chunks of 131072 at 0, stride 131072
2025-07-11 23:52:24,189 - INFO - Starting direct file download in chunks of 131072 at 0, stride 131072
2025-07-11 23:52:26,286 - INFO - Starting direct file download in chunks of 131072 at 0, stride 131072
2025-07-11 23:52:27,083 - INFO - Starting direct file download in chunks of 131072 at 0, stride 131072
2025-07-11 23:52:28,097 - INFO - Starting direct file download in chunks of 131072 at 0, stride 131072
2025-07-11 23:52:28,870 - INFO - Starting direct file download in chunks of 131072 at 0, stride 131072
2025-07-11 23:52:30,273 - INFO - Starting direct file download in chunks of 131072 at 0, stride 131072
2025-07-11 23:52:32,669 - INFO - Starting direct file download in chunks of 131072 at 0, stride 131072
2025-07-11 23:52:33,994 - INFO - Starting direct file download in chunks of 131072 at 0, stride 131072
2025-07-11 23:52:35,451 - INFO - Starting direct file download in chunks of 131072 at 0, stride 131072
2025-07-11 23:52:36,155 - INFO - Starting direct file download in chunks of 131072 at 0, stride 131072
2025-07-11 23:52:36,542 - INFO - Starting direct file download in chunks of 131072 at 0, stride 131072
2025-07-11 23:52:37,083 - INFO - Downloaded 67 images from https://t.me/CheMed123
2025-07-11 23:52:37,084 - INFO - Disconnecting from 149.154.167.91:443/TcpFull...
2025-07-11 23:52:37,085 - INFO - Disconnection from 149.154.167.91:443/TcpFull complete!
2025-07-11 23:52:37,117 - INFO - Connecting to 149.154.167.91:443/TcpFull...
2025-07-11 23:52:37,219 - INFO - Connection to 149.154.167.91:443/TcpFull complete!
2025-07-11 23:52:38,050 - INFO - Starting direct file download in chunks of 131072 at 0, stride 131072
2025-07-11 23:52:39,476 - INFO - Starting direct file download in chunks of 131072 at 0, stride 131072
2025-07-11 23:52:40,570 - INFO - Starting direct file download in chunks of 131072 at 0, stride 131072
2025-07-11 23:52:41,560 - INFO - Starting direct file download in chunks of 131072 at 0, stride 131072
2025-07-11 23:52:42,954 - INFO - Starting direct file download in chunks of 131072 at 0, stride 131072
2025-07-11 23:52:44,113 - INFO - Starting direct file download in chunks of 131072 at 0, stride 131072
2025-07-11 23:52:44,620 - INFO - Starting direct file download in chunks of 131072 at 0, stride 131072
2025-07-11 23:52:45,747 - INFO - Starting direct file download in chunks of 131072 at 0, stride 131072
2025-07-11 23:52:48,347 - INFO - Starting direct file download in chunks of 131072 at 0, stride 131072
2025-07-11 23:52:51,963 - INFO - Starting direct file download in chunks of 131072 at 0, stride 131072
2025-07-11 23:52:52,626 - INFO - Starting direct file download in chunks of 131072 at 0, stride 131072
2025-07-11 23:52:52,934 - INFO - Starting direct file download in chunks of 131072 at 0, stride 131072
2025-07-11 23:52:53,271 - INFO - Starting direct file download in chunks of 131072 at 0, stride 131072
2025-07-11 23:52:55,089 - INFO - Starting direct file download in chunks of 131072 at 0, stride 131072
2025-07-11 23:52:55,352 - INFO - Starting direct file download in chunks of 131072 at 0, stride 131072
2025-07-11 23:52:55,609 - INFO - Starting direct file download in chunks of 131072 at 0, stride 131072
2025-07-11 23:52:56,078 - INFO - Starting direct file download in chunks of 131072 at 0, stride 131072
2025-07-11 23:52:56,623 - INFO - Starting direct file download in chunks of 131072 at 0, stride 131072
2025-07-11 23:52:57,476 - INFO - Starting direct file download in chunks of 131072 at 0, stride 131072
2025-07-11 23:52:58,104 - INFO - Starting direct file download in chunks of 131072 at 0, stride 131072
2025-07-11 23:52:59,580 - INFO - Starting direct file download in chunks of 131072 at 0, stride 131072
2025-07-11 23:52:59,949 - INFO - Starting direct file download in chunks of 131072 at 0, stride 131072
2025-07-11 23:53:01,049 - INFO - Starting direct file download in chunks of 131072 at 0, stride 131072
2025-07-11 23:53:02,352 - INFO - Starting direct file download in chunks of 131072 at 0, stride 131072
2025-07-11 23:53:03,299 - INFO - Starting direct file download in chunks of 131072 at 0, stride 131072
2025-07-11 23:53:04,267 - INFO - Starting direct file download in chunks of 131072 at 0, stride 131072
2025-07-11 23:53:05,300 - INFO - Starting direct file download in chunks of 131072 at 0, stride 131072
2025-07-11 23:53:06,656 - INFO - Starting direct file download in chunks of 131072 at 0, stride 131072
2025-07-11 23:53:07,201 - INFO - Starting direct file download in chunks of 131072 at 0, stride 131072
2025-07-11 23:53:08,772 - INFO - Starting direct file download in chunks of 131072 at 0, stride 131072
2025-07-11 23:53:09,676 - INFO - Starting direct file download in chunks of 131072 at 0, stride 131072
2025-07-11 23:53:10,059 - INFO - Starting direct file download in chunks of 131072 at 0, stride 131072
2025-07-11 23:53:11,141 - INFO - Starting direct file download in chunks of 131072 at 0, stride 131072
2025-07-11 23:53:12,141 - INFO - Starting direct file download in chunks of 131072 at 0, stride 131072
2025-07-11 23:53:12,796 - INFO - Starting direct file download in chunks of 131072 at 0, stride 131072
2025-07-11 23:53:13,338 - INFO - Starting direct file download in chunks of 131072 at 0, stride 131072
2025-07-11 23:53:13,688 - INFO - Starting direct file download in chunks of 131072 at 0, stride 131072
2025-07-11 23:53:15,479 - INFO - Starting direct file download in chunks of 131072 at 0, stride 131072
2025-07-11 23:53:17,230 - INFO - Starting direct file download in chunks of 131072 at 0, stride 131072
2025-07-11 23:53:17,562 - INFO - Starting direct file download in chunks of 131072 at 0, stride 131072
2025-07-11 23:53:19,081 - INFO - Starting direct file download in chunks of 131072 at 0, stride 131072
2025-07-11 23:53:19,438 - INFO - Starting direct file download in chunks of 131072 at 0, stride 131072
2025-07-11 23:53:20,707 - INFO - Starting direct file download in chunks of 131072 at 0, stride 131072
2025-07-11 23:53:21,944 - INFO - Starting direct file download in chunks of 131072 at 0, stride 131072
2025-07-11 23:53:22,375 - INFO - Starting direct file download in chunks of 131072 at 0, stride 131072
2025-07-11 23:53:23,570 - INFO - Starting direct file download in chunks of 131072 at 0, stride 131072
2025-07-11 23:53:23,969 - INFO - Starting direct file download in chunks of 131072 at 0, stride 131072
2025-07-11 23:53:25,411 - INFO - Starting direct file download in chunks of 131072 at 0, stride 131072
2025-07-11 23:53:26,911 - INFO - Starting direct file download in chunks of 131072 at 0, stride 131072
2025-07-11 23:53:27,218 - INFO - Starting direct file download in chunks of 131072 at 0, stride 131072
2025-07-11 23:53:28,107 - INFO - Starting direct file download in chunks of 131072 at 0, stride 131072
2025-07-11 23:53:28,741 - INFO - Starting direct file download in chunks of 131072 at 0, stride 131072
2025-07-11 23:53:30,743 - INFO - Starting direct file download in chunks of 131072 at 0, stride 131072
2025-07-11 23:53:31,689 - INFO - Starting direct file download in chunks of 131072 at 0, stride 131072
2025-07-11 23:53:32,747 - INFO - Starting direct file download in chunks of 131072 at 0, stride 131072
2025-07-11 23:53:33,210 - INFO - Starting direct file download in chunks of 131072 at 0, stride 131072
2025-07-11 23:53:33,752 - INFO - Starting direct file download in chunks of 131072 at 0, stride 131072
2025-07-11 23:53:34,797 - INFO - Starting direct file download in chunks of 131072 at 0, stride 131072
2025-07-11 23:53:35,264 - INFO - Starting direct file download in chunks of 131072 at 0, stride 131072
2025-07-11 23:53:36,061 - INFO - Starting direct file download in chunks of 131072 at 0, stride 131072
2025-07-11 23:53:36,790 - INFO - Starting direct file download in chunks of 131072 at 0, stride 131072
2025-07-11 23:53:37,734 - INFO - Starting direct file download in chunks of 131072 at 0, stride 131072
2025-07-11 23:53:38,003 - INFO - Starting direct file download in chunks of 131072 at 0, stride 131072
2025-07-11 23:53:38,282 - INFO - Starting direct file download in chunks of 131072 at 0, stride 131072
2025-07-11 23:53:38,999 - INFO - Starting direct file download in chunks of 131072 at 0, stride 131072
2025-07-11 23:53:40,193 - INFO - Starting direct file download in chunks of 131072 at 0, stride 131072
2025-07-11 23:53:41,111 - INFO - Starting direct file download in chunks of 131072 at 0, stride 131072
2025-07-11 23:53:41,754 - INFO - Starting direct file download in chunks of 131072 at 0, stride 131072
2025-07-11 23:53:42,504 - INFO - Starting direct file download in chunks of 131072 at 0, stride 131072
2025-07-11 23:53:43,258 - INFO - Starting direct file download in chunks of 131072 at 0, stride 131072
2025-07-11 23:53:44,019 - INFO - Starting direct file download in chunks of 131072 at 0, stride 131072
2025-07-11 23:53:44,788 - INFO - Starting direct file download in chunks of 131072 at 0, stride 131072
2025-07-11 23:53:45,581 - INFO - Starting direct file download in chunks of 131072 at 0, stride 131072
2025-07-11 23:53:46,348 - INFO - Starting direct file download in chunks of 131072 at 0, stride 131072
2025-07-11 23:53:47,419 - INFO - Starting direct file download in chunks of 131072 at 0, stride 131072
2025-07-11 23:53:47,684 - INFO - Starting direct file download in chunks of 131072 at 0, stride 131072
2025-07-11 23:53:48,020 - INFO - Starting direct file download in chunks of 131072 at 0, stride 131072
2025-07-11 23:53:48,553 - INFO - Starting direct file download in chunks of 131072 at 0, stride 131072
2025-07-11 23:53:48,956 - INFO - Starting direct file download in chunks of 131072 at 0, stride 131072
2025-07-11 23:53:50,041 - INFO - Starting direct file download in chunks of 131072 at 0, stride 131072
2025-07-11 23:53:50,692 - INFO - Starting direct file download in chunks of 131072 at 0, stride 131072
2025-07-11 23:53:50,995 - INFO - Starting direct file download in chunks of 131072 at 0, stride 131072
2025-07-11 23:53:51,284 - INFO - Starting direct file download in chunks of 131072 at 0, stride 131072
2025-07-11 23:53:52,248 - INFO - Starting direct file download in chunks of 131072 at 0, stride 131072
2025-07-11 23:53:54,592 - INFO - Starting direct file download in chunks of 131072 at 0, stride 131072
2025-07-11 23:53:55,759 - INFO - Starting direct file download in chunks of 131072 at 0, stride 131072
2025-07-11 23:53:56,432 - INFO - Starting direct file download in chunks of 131072 at 0, stride 131072
2025-07-11 23:53:59,878 - INFO - Starting direct file download in chunks of 131072 at 0, stride 131072
2025-07-11 23:54:00,680 - INFO - Starting direct file download in chunks of 131072 at 0, stride 131072
2025-07-11 23:54:01,057 - INFO - Starting direct file download in chunks of 131072 at 0, stride 131072
2025-07-11 23:54:01,483 - INFO - Starting direct file download in chunks of 131072 at 0, stride 131072
2025-07-11 23:54:02,083 - INFO - Starting direct file download in chunks of 131072 at 0, stride 131072
2025-07-11 23:54:02,359 - INFO - Starting direct file download in chunks of 131072 at 0, stride 131072
2025-07-11 23:54:02,635 - INFO - Starting direct file download in chunks of 131072 at 0, stride 131072
2025-07-11 23:54:04,270 - INFO - Starting direct file download in chunks of 131072 at 0, stride 131072
2025-07-11 23:54:04,825 - INFO - Starting direct file download in chunks of 131072 at 0, stride 131072
2025-07-11 23:54:06,091 - INFO - Starting direct file download in chunks of 131072 at 0, stride 131072
2025-07-11 23:54:06,370 - INFO - Starting direct file download in chunks of 131072 at 0, stride 131072
2025-07-11 23:54:06,693 - INFO - Starting direct file download in chunks of 131072 at 0, stride 131072
2025-07-11 23:54:07,601 - INFO - Starting direct file download in chunks of 131072 at 0, stride 131072
2025-07-11 23:54:08,052 - INFO - Downloaded 100 images from https://t.me/lobelia4cosmetics
2025-07-11 23:54:08,054 - INFO - Disconnecting from 149.154.167.91:443/TcpFull...
2025-07-11 23:54:08,057 - INFO - Disconnection from 149.154.167.91:443/TcpFull complete!
2025-07-11 23:54:08,065 - INFO - Not disconnecting (already have no connection)
2025-07-11 23:59:49,266 - INFO - Connecting to 149.154.167.91:443/TcpFull...
2025-07-11 23:59:49,368 - INFO - Connection to 149.154.167.91:443/TcpFull complete!
2025-07-11 23:59:50,847 - INFO - Scraped 76 messages (including media metadata) from https://t.me/CheMed123
2025-07-11 23:59:51,388 - INFO - Scraped 100 messages (including media metadata) from https://t.me/lobelia4cosmetics
2025-07-11 23:59:52,600 - INFO - Scraped 100 messages (including media metadata) from https://t.me/tikvahpharma
2025-07-11 23:59:52,605 - INFO - Disconnecting from 149.154.167.91:443/TcpFull...
2025-07-11 23:59:52,607 - INFO - Disconnection from 149.154.167.91:443/TcpFull complete!
2025-07-11 23:59:55,376 - INFO - Connecting to 149.154.167.91:443/TcpFull...
2025-07-11 23:59:55,484 - INFO - Connection to 149.154.167.91:443/TcpFull complete!
2025-07-11 23:59:55,871 - INFO - User is already connected!
2025-07-11 23:59:56,707 - INFO - Starting direct file download in chunks of 131072 at 0, stride 131072
2025-07-11 23:59:57,306 - INFO - Starting direct file download in chunks of 131072 at 0, stride 131072
2025-07-11 23:59:58,465 - INFO - Starting direct file download in chunks of 131072 at 0, stride 131072
2025-07-11 23:59:59,418 - INFO - Starting direct file download in chunks of 131072 at 0, stride 131072
2025-07-12 00:00:00,406 - INFO - Starting direct file download in chunks of 131072 at 0, stride 131072
2025-07-12 00:00:01,779 - INFO - Starting direct file download in chunks of 131072 at 0, stride 131072
2025-07-12 00:00:03,487 - INFO - Starting direct file download in chunks of 131072 at 0, stride 131072
2025-07-12 00:00:05,149 - INFO - Starting direct file download in chunks of 131072 at 0, stride 131072
2025-07-12 00:00:08,949 - INFO - Starting direct file download in chunks of 131072 at 0, stride 131072
2025-07-12 00:00:11,743 - INFO - Starting direct file download in chunks of 131072 at 0, stride 131072
2025-07-12 00:00:14,017 - INFO - Starting direct file download in chunks of 131072 at 0, stride 131072
2025-07-12 00:00:15,742 - INFO - Starting direct file download in chunks of 131072 at 0, stride 131072
2025-07-12 00:00:17,336 - INFO - Starting direct file download in chunks of 131072 at 0, stride 131072
2025-07-12 00:00:19,201 - INFO - Starting direct file download in chunks of 131072 at 0, stride 131072
2025-07-12 00:00:20,962 - INFO - Starting direct file download in chunks of 131072 at 0, stride 131072
2025-07-12 00:00:22,137 - INFO - Starting direct file download in chunks of 131072 at 0, stride 131072
2025-07-12 00:00:24,459 - INFO - Starting direct file download in chunks of 131072 at 0, stride 131072
2025-07-12 00:00:26,826 - INFO - Starting direct file download in chunks of 131072 at 0, stride 131072
2025-07-12 00:00:29,483 - INFO - Starting direct file download in chunks of 131072 at 0, stride 131072
2025-07-12 00:00:31,764 - INFO - Starting direct file download in chunks of 131072 at 0, stride 131072
2025-07-12 00:00:33,958 - INFO - Starting direct file download in chunks of 131072 at 0, stride 131072
2025-07-12 00:00:35,137 - INFO - Starting direct file download in chunks of 131072 at 0, stride 131072
2025-07-12 00:00:37,186 - INFO - Starting direct file download in chunks of 131072 at 0, stride 131072
2025-07-12 00:00:39,451 - INFO - Starting direct file download in chunks of 131072 at 0, stride 131072
2025-07-12 00:00:41,634 - INFO - Starting direct file download in chunks of 131072 at 0, stride 131072
2025-07-12 00:00:43,952 - INFO - Starting direct file download in chunks of 131072 at 0, stride 131072
2025-07-12 00:00:46,110 - INFO - Starting direct file download in chunks of 131072 at 0, stride 131072
2025-07-12 00:00:48,208 - INFO - Starting direct file download in chunks of 131072 at 0, stride 131072
2025-07-12 00:00:49,183 - INFO - Starting direct file download in chunks of 131072 at 0, stride 131072
2025-07-12 00:00:52,304 - INFO - Starting direct file download in chunks of 131072 at 0, stride 131072
2025-07-12 00:00:55,132 - INFO - Starting direct file download in chunks of 131072 at 0, stride 131072
2025-07-12 00:00:56,960 - INFO - Starting direct file download in chunks of 131072 at 0, stride 131072
2025-07-12 00:00:58,062 - INFO - Starting direct file download in chunks of 131072 at 0, stride 131072
2025-07-12 00:00:59,166 - INFO - Starting direct file download in chunks of 131072 at 0, stride 131072
2025-07-12 00:01:00,085 - INFO - Starting direct file download in chunks of 131072 at 0, stride 131072
2025-07-12 00:01:02,813 - INFO - Starting direct file download in chunks of 131072 at 0, stride 131072
2025-07-12 00:01:04,641 - INFO - Starting direct file download in chunks of 131072 at 0, stride 131072
2025-07-12 00:01:06,753 - INFO - Starting direct file download in chunks of 131072 at 0, stride 131072
2025-07-12 00:01:08,235 - INFO - Starting direct file download in chunks of 131072 at 0, stride 131072
2025-07-12 00:01:10,313 - INFO - Starting direct file download in chunks of 131072 at 0, stride 131072
2025-07-12 00:01:12,883 - INFO - Starting direct file download in chunks of 131072 at 0, stride 131072
2025-07-12 00:01:14,366 - INFO - Starting direct file download in chunks of 131072 at 0, stride 131072
2025-07-12 00:01:15,510 - INFO - Starting direct file download in chunks of 131072 at 0, stride 131072
2025-07-12 00:01:16,481 - INFO - Starting direct file download in chunks of 131072 at 0, stride 131072
2025-07-12 00:01:17,416 - INFO - Starting direct file download in chunks of 131072 at 0, stride 131072
2025-07-12 00:01:19,056 - INFO - Starting direct file download in chunks of 131072 at 0, stride 131072
2025-07-12 00:01:20,510 - INFO - Starting direct file download in chunks of 131072 at 0, stride 131072
2025-07-12 00:01:21,959 - INFO - Starting direct file download in chunks of 131072 at 0, stride 131072
2025-07-12 00:01:23,093 - INFO - Starting direct file download in chunks of 131072 at 0, stride 131072
2025-07-12 00:01:24,990 - INFO - Starting direct file download in chunks of 131072 at 0, stride 131072
2025-07-12 00:01:25,908 - INFO - Starting direct file download in chunks of 131072 at 0, stride 131072
2025-07-12 00:01:28,568 - INFO - Starting direct file download in chunks of 131072 at 0, stride 131072
2025-07-12 00:01:30,342 - INFO - Starting direct file download in chunks of 131072 at 0, stride 131072
2025-07-12 00:01:31,681 - INFO - Starting direct file download in chunks of 131072 at 0, stride 131072
2025-07-12 00:01:32,874 - INFO - Starting direct file download in chunks of 131072 at 0, stride 131072
2025-07-12 00:01:34,059 - INFO - Starting direct file download in chunks of 131072 at 0, stride 131072
2025-07-12 00:01:36,151 - INFO - Starting direct file download in chunks of 131072 at 0, stride 131072
2025-07-12 00:01:38,404 - INFO - Starting direct file download in chunks of 131072 at 0, stride 131072
2025-07-12 00:01:39,771 - INFO - Starting direct file download in chunks of 131072 at 0, stride 131072
2025-07-12 00:01:41,278 - INFO - Starting direct file download in chunks of 131072 at 0, stride 131072
2025-07-12 00:01:42,273 - INFO - Starting direct file download in chunks of 131072 at 0, stride 131072
2025-07-12 00:01:43,821 - INFO - Starting direct file download in chunks of 131072 at 0, stride 131072
2025-07-12 00:01:46,479 - INFO - Starting direct file download in chunks of 131072 at 0, stride 131072
2025-07-12 00:01:48,201 - INFO - Starting direct file download in chunks of 131072 at 0, stride 131072
2025-07-12 00:01:49,749 - INFO - Starting direct file download in chunks of 131072 at 0, stride 131072
2025-07-12 00:01:50,560 - INFO - Starting direct file download in chunks of 131072 at 0, stride 131072
2025-07-12 00:01:51,003 - INFO - Starting direct file download in chunks of 131072 at 0, stride 131072
2025-07-12 00:01:51,595 - INFO - Downloaded 67 images from https://t.me/CheMed123
2025-07-12 00:01:51,597 - INFO - Disconnecting from 149.154.167.91:443/TcpFull...
2025-07-12 00:01:51,598 - INFO - Disconnection from 149.154.167.91:443/TcpFull complete!
2025-07-12 00:01:51,606 - INFO - Connecting to 149.154.167.91:443/TcpFull...
2025-07-12 00:01:51,709 - INFO - Connection to 149.154.167.91:443/TcpFull complete!
2025-07-12 00:01:52,431 - INFO - Starting direct file download in chunks of 131072 at 0, stride 131072
2025-07-12 00:01:52,976 - INFO - Starting direct file download in chunks of 131072 at 0, stride 131072
2025-07-12 00:01:54,074 - INFO - Starting direct file download in chunks of 131072 at 0, stride 131072
2025-07-12 00:01:54,523 - INFO - Starting direct file download in chunks of 131072 at 0, stride 131072
2025-07-12 00:01:55,126 - INFO - Starting direct file download in chunks of 131072 at 0, stride 131072
2025-07-12 00:01:55,603 - INFO - Starting direct file download in chunks of 131072 at 0, stride 131072
2025-07-12 00:01:55,779 - INFO - Starting direct file download in chunks of 131072 at 0, stride 131072
2025-07-12 00:01:56,291 - INFO - Starting direct file download in chunks of 131072 at 0, stride 131072
2025-07-12 00:01:57,576 - INFO - Starting direct file download in chunks of 131072 at 0, stride 131072
2025-07-12 00:02:01,607 - INFO - Starting direct file download in chunks of 131072 at 0, stride 131072
2025-07-12 00:02:02,415 - INFO - Starting direct file download in chunks of 131072 at 0, stride 131072
2025-07-12 00:02:02,681 - INFO - Starting direct file download in chunks of 131072 at 0, stride 131072
2025-07-12 00:02:02,987 - INFO - Starting direct file download in chunks of 131072 at 0, stride 131072
2025-07-12 00:02:04,203 - INFO - Starting direct file download in chunks of 131072 at 0, stride 131072
2025-07-12 00:02:04,494 - INFO - Starting direct file download in chunks of 131072 at 0, stride 131072
2025-07-12 00:02:04,782 - INFO - Starting direct file download in chunks of 131072 at 0, stride 131072
2025-07-12 00:02:05,069 - INFO - Starting direct file download in chunks of 131072 at 0, stride 131072
2025-07-12 00:02:05,411 - INFO - Starting direct file download in chunks of 131072 at 0, stride 131072
2025-07-12 00:02:06,035 - INFO - Starting direct file download in chunks of 131072 at 0, stride 131072
2025-07-12 00:02:06,338 - INFO - Starting direct file download in chunks of 131072 at 0, stride 131072
2025-07-12 00:02:07,483 - INFO - Starting direct file download in chunks of 131072 at 0, stride 131072
2025-07-12 00:02:07,829 - INFO - Starting direct file download in chunks of 131072 at 0, stride 131072
2025-07-12 00:02:08,915 - INFO - Starting direct file download in chunks of 131072 at 0, stride 131072
2025-07-12 00:02:10,438 - INFO - Starting direct file download in chunks of 131072 at 0, stride 131072
2025-07-12 00:02:11,660 - INFO - Starting direct file download in chunks of 131072 at 0, stride 131072
2025-07-12 00:02:12,882 - INFO - Starting direct file download in chunks of 131072 at 0, stride 131072
2025-07-12 00:02:14,365 - INFO - Starting direct file download in chunks of 131072 at 0, stride 131072
2025-07-12 00:02:15,617 - INFO - Starting direct file download in chunks of 131072 at 0, stride 131072
2025-07-12 00:02:16,329 - INFO - Starting direct file download in chunks of 131072 at 0, stride 131072
2025-07-12 00:02:18,470 - INFO - Starting direct file download in chunks of 131072 at 0, stride 131072
2025-07-12 00:02:19,687 - INFO - Starting direct file download in chunks of 131072 at 0, stride 131072
2025-07-12 00:02:19,995 - INFO - Starting direct file download in chunks of 131072 at 0, stride 131072
2025-07-12 00:02:20,931 - INFO - Starting direct file download in chunks of 131072 at 0, stride 131072
2025-07-12 00:02:21,841 - INFO - Starting direct file download in chunks of 131072 at 0, stride 131072
2025-07-12 00:02:22,449 - INFO - Starting direct file download in chunks of 131072 at 0, stride 131072
2025-07-12 00:02:23,299 - INFO - Starting direct file download in chunks of 131072 at 0, stride 131072
2025-07-12 00:02:23,722 - INFO - Starting direct file download in chunks of 131072 at 0, stride 131072
2025-07-12 00:02:25,708 - INFO - Starting direct file download in chunks of 131072 at 0, stride 131072
2025-07-12 00:02:28,211 - INFO - Starting direct file download in chunks of 131072 at 0, stride 131072
2025-07-12 00:02:28,637 - INFO - Starting direct file download in chunks of 131072 at 0, stride 131072
2025-07-12 00:02:29,812 - INFO - Starting direct file download in chunks of 131072 at 0, stride 131072
2025-07-12 00:02:30,139 - INFO - Starting direct file download in chunks of 131072 at 0, stride 131072
2025-07-12 00:02:31,350 - INFO - Starting direct file download in chunks of 131072 at 0, stride 131072
2025-07-12 00:02:32,662 - INFO - Starting direct file download in chunks of 131072 at 0, stride 131072
2025-07-12 00:02:33,187 - INFO - Starting direct file download in chunks of 131072 at 0, stride 131072
2025-07-12 00:02:34,468 - INFO - Starting direct file download in chunks of 131072 at 0, stride 131072
2025-07-12 00:02:35,046 - INFO - Starting direct file download in chunks of 131072 at 0, stride 131072
2025-07-12 00:02:36,791 - INFO - Starting direct file download in chunks of 131072 at 0, stride 131072
2025-07-12 00:02:39,149 - INFO - Starting direct file download in chunks of 131072 at 0, stride 131072
2025-07-12 00:02:39,591 - INFO - Starting direct file download in chunks of 131072 at 0, stride 131072
2025-07-12 00:02:41,044 - INFO - Starting direct file download in chunks of 131072 at 0, stride 131072
2025-07-12 00:02:42,049 - INFO - Starting direct file download in chunks of 131072 at 0, stride 131072
2025-07-12 00:02:44,006 - INFO - Starting direct file download in chunks of 131072 at 0, stride 131072
2025-07-12 00:02:44,758 - INFO - Starting direct file download in chunks of 131072 at 0, stride 131072
2025-07-12 00:02:45,651 - INFO - Starting direct file download in chunks of 131072 at 0, stride 131072
2025-07-12 00:02:46,195 - INFO - Starting direct file download in chunks of 131072 at 0, stride 131072
2025-07-12 00:02:46,925 - INFO - Starting direct file download in chunks of 131072 at 0, stride 131072
2025-07-12 00:02:47,899 - INFO - Starting direct file download in chunks of 131072 at 0, stride 131072
2025-07-12 00:02:48,342 - INFO - Starting direct file download in chunks of 131072 at 0, stride 131072
2025-07-12 00:02:49,683 - INFO - Starting direct file download in chunks of 131072 at 0, stride 131072
2025-07-12 00:02:50,542 - INFO - Starting direct file download in chunks of 131072 at 0, stride 131072
2025-07-12 00:02:51,500 - INFO - Starting direct file download in chunks of 131072 at 0, stride 131072
2025-07-12 00:02:51,815 - INFO - Starting direct file download in chunks of 131072 at 0, stride 131072
2025-07-12 00:02:52,110 - INFO - Starting direct file download in chunks of 131072 at 0, stride 131072
2025-07-12 00:02:52,815 - INFO - Starting direct file download in chunks of 131072 at 0, stride 131072
2025-07-12 00:02:54,014 - INFO - Starting direct file download in chunks of 131072 at 0, stride 131072
2025-07-12 00:02:54,905 - INFO - Starting direct file download in chunks of 131072 at 0, stride 131072
2025-07-12 00:02:55,567 - INFO - Starting direct file download in chunks of 131072 at 0, stride 131072
2025-07-12 00:02:56,512 - INFO - Starting direct file download in chunks of 131072 at 0, stride 131072
2025-07-12 00:02:57,926 - INFO - Starting direct file download in chunks of 131072 at 0, stride 131072
2025-07-12 00:02:59,322 - INFO - Starting direct file download in chunks of 131072 at 0, stride 131072
2025-07-12 00:03:00,602 - INFO - Starting direct file download in chunks of 131072 at 0, stride 131072
2025-07-12 00:03:02,010 - INFO - Starting direct file download in chunks of 131072 at 0, stride 131072
2025-07-12 00:03:03,082 - INFO - Starting direct file download in chunks of 131072 at 0, stride 131072
2025-07-12 00:03:03,995 - INFO - Starting direct file download in chunks of 131072 at 0, stride 131072
2025-07-12 00:03:04,395 - INFO - Starting direct file download in chunks of 131072 at 0, stride 131072
2025-07-12 00:03:04,852 - INFO - Starting direct file download in chunks of 131072 at 0, stride 131072
2025-07-12 00:03:05,304 - INFO - Starting direct file download in chunks of 131072 at 0, stride 131072
2025-07-12 00:03:05,599 - INFO - Starting direct file download in chunks of 131072 at 0, stride 131072
2025-07-12 00:03:06,487 - INFO - Starting direct file download in chunks of 131072 at 0, stride 131072
2025-07-12 00:03:07,269 - INFO - Starting direct file download in chunks of 131072 at 0, stride 131072
2025-07-12 00:03:07,667 - INFO - Starting direct file download in chunks of 131072 at 0, stride 131072
2025-07-12 00:03:08,066 - INFO - Starting direct file download in chunks of 131072 at 0, stride 131072
2025-07-12 00:03:08,987 - INFO - Starting direct file download in chunks of 131072 at 0, stride 131072
2025-07-12 00:03:10,283 - INFO - Starting direct file download in chunks of 131072 at 0, stride 131072
2025-07-12 00:03:11,570 - INFO - Starting direct file download in chunks of 131072 at 0, stride 131072
2025-07-12 00:03:12,229 - INFO - Starting direct file download in chunks of 131072 at 0, stride 131072
2025-07-12 00:03:14,127 - INFO - Starting direct file download in chunks of 131072 at 0, stride 131072
2025-07-12 00:03:14,543 - INFO - Starting direct file download in chunks of 131072 at 0, stride 131072
2025-07-12 00:03:14,713 - INFO - Starting direct file download in chunks of 131072 at 0, stride 131072
2025-07-12 00:03:15,005 - INFO - Starting direct file download in chunks of 131072 at 0, stride 131072
2025-07-12 00:03:15,394 - INFO - Starting direct file download in chunks of 131072 at 0, stride 131072
2025-07-12 00:03:15,574 - INFO - Starting direct file download in chunks of 131072 at 0, stride 131072
2025-07-12 00:03:15,743 - INFO - Starting direct file download in chunks of 131072 at 0, stride 131072
2025-07-12 00:03:16,856 - INFO - Starting direct file download in chunks of 131072 at 0, stride 131072
2025-07-12 00:03:17,158 - INFO - Starting direct file download in chunks of 131072 at 0, stride 131072
2025-07-12 00:03:18,497 - INFO - Starting direct file download in chunks of 131072 at 0, stride 131072
2025-07-12 00:03:18,786 - INFO - Starting direct file download in chunks of 131072 at 0, stride 131072
2025-07-12 00:03:19,221 - INFO - Starting direct file download in chunks of 131072 at 0, stride 131072
2025-07-12 00:03:20,830 - INFO - Starting direct file download in chunks of 131072 at 0, stride 131072
2025-07-12 00:03:21,502 - INFO - Downloaded 100 images from https://t.me/lobelia4cosmetics
2025-07-12 00:03:21,504 - INFO - Disconnecting from 149.154.167.91:443/TcpFull...
2025-07-12 00:03:21,505 - INFO - Disconnection from 149.154.167.91:443/TcpFull complete!
2025-07-12 00:03:21,510 - INFO - Not disconnecting (already have no connection)
